[debug] [2022-10-28T20:44:55.931Z] ----------------------------------------------------------------------
[debug] [2022-10-28T20:44:55.933Z] Command:       C:\Program Files\nodejs\node.exe C:\Users\stoma\AppData\Roaming\npm\node_modules\firebase-tools\lib\bin\firebase.js init
[debug] [2022-10-28T20:44:55.934Z] CLI Version:   11.15.0
[debug] [2022-10-28T20:44:55.934Z] Platform:      win32
[debug] [2022-10-28T20:44:55.934Z] Node Version:  v16.15.1
[debug] [2022-10-28T20:44:55.935Z] Time:          Fri Oct 28 2022 16:44:55 GMT-0400 (Eastern Daylight Time)
[debug] [2022-10-28T20:44:55.935Z] ----------------------------------------------------------------------
[debug] 
[debug] [2022-10-28T20:44:55.941Z] > command requires scopes: ["email","openid","https://www.googleapis.com/auth/cloudplatformprojects.readonly","https://www.googleapis.com/auth/firebase","https://www.googleapis.com/auth/cloud-platform"]
[debug] [2022-10-28T20:44:55.942Z] > authorizing via signed-in user (mozhang150@gmail.com)
[info] 
     ######## #### ########  ######## ########     ###     ######  ########
     ##        ##  ##     ## ##       ##     ##  ##   ##  ##       ##
     ######    ##  ########  ######   ########  #########  ######  ######
     ##        ##  ##    ##  ##       ##     ## ##     ##       ## ##
     ##       #### ##     ## ######## ########  ##     ##  ######  ########

You're about to initialize a Firebase project in this directory:

  C:\Users\stoma\Documents\GitHub\CongressionalAppChallenge2022\CongApp

[info] 
=== Project Setup
[info] 
[info] First, let's associate this project directory with a Firebase project.
[info] You can create multiple project aliases by running firebase use --add, 
[info] but for now we'll just set up a default project.
[info] 
[debug] [2022-10-28T20:45:00.803Z] >>> [apiv2][query] GET https://firebase.googleapis.com/v1beta1/projects pageSize=100
[debug] [2022-10-28T20:45:01.205Z] <<< [apiv2][status] GET https://firebase.googleapis.com/v1beta1/projects 200
[debug] [2022-10-28T20:45:01.205Z] <<< [apiv2][body] GET https://firebase.googleapis.com/v1beta1/projects [omitted]
[info] i  Using project congapp-324e0 (CongApp) 
[info] 
=== Functions Setup
[debug] [2022-10-28T20:45:02.805Z] > command requires scopes: ["email","openid","https://www.googleapis.com/auth/cloudplatformprojects.readonly","https://www.googleapis.com/auth/firebase","https://www.googleapis.com/auth/cloud-platform"]
[debug] [2022-10-28T20:45:02.805Z] > authorizing via signed-in user (mozhang150@gmail.com)
[debug] [2022-10-28T20:45:02.805Z] [iam] checking project congapp-324e0 for permissions ["firebase.projects.get"]
[debug] [2022-10-28T20:45:02.806Z] >>> [apiv2][query] POST https://cloudresourcemanager.googleapis.com/v1/projects/congapp-324e0:testIamPermissions [none]
[debug] [2022-10-28T20:45:02.806Z] >>> [apiv2][(partial)header] POST https://cloudresourcemanager.googleapis.com/v1/projects/congapp-324e0:testIamPermissions x-goog-quota-user=projects/congapp-324e0
[debug] [2022-10-28T20:45:02.806Z] >>> [apiv2][body] POST https://cloudresourcemanager.googleapis.com/v1/projects/congapp-324e0:testIamPermissions {"permissions":["firebase.projects.get"]}
[debug] [2022-10-28T20:45:02.902Z] <<< [apiv2][status] POST https://cloudresourcemanager.googleapis.com/v1/projects/congapp-324e0:testIamPermissions 200
[debug] [2022-10-28T20:45:02.902Z] <<< [apiv2][body] POST https://cloudresourcemanager.googleapis.com/v1/projects/congapp-324e0:testIamPermissions {"permissions":["firebase.projects.get"]}
[debug] [2022-10-28T20:45:02.903Z] >>> [apiv2][query] GET https://serviceusage.googleapis.com/v1/projects/congapp-324e0/services/cloudfunctions.googleapis.com [none]
[debug] [2022-10-28T20:45:02.903Z] >>> [apiv2][(partial)header] GET https://serviceusage.googleapis.com/v1/projects/congapp-324e0/services/cloudfunctions.googleapis.com x-goog-quota-user=projects/congapp-324e0
[debug] [2022-10-28T20:45:02.903Z] >>> [apiv2][query] GET https://serviceusage.googleapis.com/v1/projects/congapp-324e0/services/runtimeconfig.googleapis.com [none]
[debug] [2022-10-28T20:45:02.904Z] >>> [apiv2][(partial)header] GET https://serviceusage.googleapis.com/v1/projects/congapp-324e0/services/runtimeconfig.googleapis.com x-goog-quota-user=projects/congapp-324e0
[debug] [2022-10-28T20:45:03.217Z] <<< [apiv2][status] GET https://serviceusage.googleapis.com/v1/projects/congapp-324e0/services/cloudfunctions.googleapis.com 200
[debug] [2022-10-28T20:45:03.217Z] <<< [apiv2][body] GET https://serviceusage.googleapis.com/v1/projects/congapp-324e0/services/cloudfunctions.googleapis.com [omitted]
[debug] [2022-10-28T20:45:03.278Z] <<< [apiv2][status] GET https://serviceusage.googleapis.com/v1/projects/congapp-324e0/services/runtimeconfig.googleapis.com 200
[debug] [2022-10-28T20:45:03.278Z] <<< [apiv2][body] GET https://serviceusage.googleapis.com/v1/projects/congapp-324e0/services/runtimeconfig.googleapis.com [omitted]
[info] 
Detected existing codebase(s): default

[info] 
Overwriting codebase default...

